Program Name: Processing of files
Program description: The provided folder gets processed into a human readable format and values represent channel ratios or percent to control (depending on user input, see below)

LOG FILE CREATED: 2022-08-18 16:22:41

Input directory path: /work_dir/input_folder
Number of files found: 5
List of files found:
census-out_07142022_EV1-98_16pl_M.txt
census-out_07232022_EV1-100B_10pl_M.txt
census-out_07252022_EV1-100C_10pl_M.txt
census-out_07302022_EV1-100A_10pl_M.txt
census-out_08032022_EV1-100D_10pl_M.txt

Meta data for File: census-out_07142022_EV1-98_16pl_M
➡ MD5: e148ecc747bd6b5c0df7d755c23e582d
➡ 16 - plex experiment
➡ Channels:
tag_126.127726
tag_127.124761
tag_127.131081
tag_128.128116
tag_128.134436
tag_129.131471
tag_129.13779
tag_130.134825
tag_130.141145
tag_131.13818
tag_131.1445
tag_132.141535
tag_132.147855
tag_133.14489
tag_133.15121
tag_134.148245
➡ Control channels:
tag_126.127726
tag_127.124761

Meta data for File: census-out_07232022_EV1-100B_10pl_M
➡ MD5: 9bc4660d17da0e68a8e75a72ad3114dc
➡ 10 - plex experiment
➡ Channels:
tag_126.127726
tag_127.124761
tag_127.131081
tag_128.128116
tag_128.134436
tag_129.131471
tag_129.13779
tag_130.134825
tag_130.141145
tag_131.13818
➡ Control channels:
tag_126.127726
tag_127.124761

Meta data for File: census-out_07252022_EV1-100C_10pl_M
➡ MD5: a5e0921effb8cf9fe1ac2ad3bd972e6a
➡ 10 - plex experiment
➡ Channels:
tag_126.127726
tag_127.124761
tag_127.131081
tag_128.128116
tag_128.134436
tag_129.131471
tag_129.13779
tag_130.134825
tag_130.141145
tag_131.13818
➡ Control channels:
tag_126.127726
tag_127.124761

Meta data for File: census-out_07302022_EV1-100A_10pl_M
➡ MD5: 7862ffda58bd783e49e7730d94d79f52
➡ 10 - plex experiment
➡ Channels:
tag_126.127726
tag_127.124761
tag_127.131081
tag_128.128116
tag_128.134436
tag_129.131471
tag_129.13779
tag_130.134825
tag_130.141145
tag_131.13818
➡ Control channels:
tag_126.127726
tag_127.124761

Meta data for File: census-out_08032022_EV1-100D_10pl_M
➡ MD5: 3149a832a2142c244e0aed541002e23f
➡ 10 - plex experiment
➡ Channels:
tag_126.127726
tag_127.124761
tag_127.131081
tag_128.128116
tag_128.134436
tag_129.131471
tag_129.13779
tag_130.134825
tag_130.141145
tag_131.13818
➡ Control channels:
tag_126.127726
tag_127.124761

General filtering parameters chosen for this processing:
➡ Remove peptides containing cysteine: no
➡ Minimum number of peptides per protein = 2
➡ Remove peptides which are not fully tryptic
➡ Sum of control channels >= -inf ( multiplied by number of control channels )
➡ Coefficient of variation for  control channels <= inf
➡ Allowed number of missed cleavage sites = 1
➡ Calculate average protein ratio by using: median

Location of processed files: /work_dir/output_folder/turbo_id_2pep_restriction/01_processed_files

Processing census-out_07252022_EV1-100C_10pl_M ...
Number removed from peptide sequences: 15.9949
Sum of controls adjusted to number of control channels for this file: Sum of control channels has to be >= -inf
Duration of processing: 0:03:17.500277
👍 File census-out_07252022_EV1-100C_10pl_M complete
---

Processing census-out_07302022_EV1-100A_10pl_M ...
Number removed from peptide sequences: 15.9949
Sum of controls adjusted to number of control channels for this file: Sum of control channels has to be >= -inf
Duration of processing: 0:03:22.761379
👍 File census-out_07302022_EV1-100A_10pl_M complete
---

Processing census-out_07232022_EV1-100B_10pl_M ...
Number removed from peptide sequences: 15.9949
Sum of controls adjusted to number of control channels for this file: Sum of control channels has to be >= -inf
Duration of processing: 0:03:28.566735
👍 File census-out_07232022_EV1-100B_10pl_M complete
---

Processing census-out_07142022_EV1-98_16pl_M ...
Number removed from peptide sequences: 15.9949
Sum of controls adjusted to number of control channels for this file: Sum of control channels has to be >= -inf
Duration of processing: 0:03:31.388818
👍 File census-out_07142022_EV1-98_16pl_M complete
---

Processing census-out_08032022_EV1-100D_10pl_M ...
Number removed from peptide sequences: 15.9949
Sum of controls adjusted to number of control channels for this file: Sum of control channels has to be >= -inf
Duration of processing: 0:03:35.381359
👍 File census-out_08032022_EV1-100D_10pl_M complete
---
Duration of processing for all files: 0:03:35.426047

