Program Name: Combining of files
Program description: Combines output files and handles experimental design by grouping channels within individual runs and across runs

LOG FILE CREATED: 2022-08-09 15:45:24

Input directory path: /work_dir/input_folder/01_processed_files
Number of files found: 5
List of files found:
processed_census-out_07142022_EV1-98_16pl_M.csv
processed_census-out_07232022_EV1-100B_10pl_M.csv
processed_census-out_07252022_EV1-100C_10pl_M.csv
processed_census-out_07302022_EV1-100A_10pl_M.csv
processed_census-out_08032022_EV1-100D_10pl_M.csv

Meta Data for File: processed_census-out_07142022_EV1-98_16pl_M
➡ MD5: a2c2402761f33ae544253720444a7aac
16 - plex experiment
➡ Control channels:
tag_126.127726
tag_127.124761
➡ Channels renamed:
tag_126.127726 = ctrl_turbo(-)_1
tag_127.124761 = ctrl_turbo(-)_2
tag_127.131081 = LPS_turbo(-)_1
tag_128.128116 = LPS_turbo(-)_2
tag_128.134436 = fast_turbo(-)_1
tag_129.131471 = fast_turbo(-)_2
tag_129.13779 = ctrl_turbo(+)_1
tag_130.134825 = ctrl_turbo(+)_2
tag_130.141145 = ctrl_turbo(+)_3
tag_131.13818 = LPS_turbo(+)_1
tag_131.1445 = LPS_turbo(+)_2
tag_132.141535 = LPS_turbo(+)_3
tag_132.147855 = fast_turbo(+)_1
tag_133.14489 = fast_turbo(+)_2
tag_133.15121 = fast_turbo(+)_3
tag_134.148245 = fast_turbo(+)_4

Meta Data for File: processed_census-out_07232022_EV1-100B_10pl_M
➡ MD5: 651d0b56da489e18304eea7ebf19c5cd
10 - plex experiment
➡ Control channels:
tag_126.127726
tag_127.124761
➡ Channels renamed:
tag_126.127726 = eWAT_HF_cre-_1
tag_127.124761 = eWAT_HF_cre-_2
tag_127.131081 = eWAT_chow_cre-_1
tag_128.128116 = eWAT_chow_cre-_2
tag_128.134436 = eWAT_HF_cre+_1
tag_129.131471 = eWAT_HF_cre+_2
tag_129.13779 = eWAT_HF_cre+_3
tag_130.134825 = eWAT_chow_cre+_1
tag_130.141145 = eWAT_chow_cre+_2
tag_131.13818 = eWAT_chow_cre+_3

Meta Data for File: processed_census-out_07252022_EV1-100C_10pl_M
➡ MD5: 311762771f4a44ef3363ffb3a017f377
10 - plex experiment
➡ Control channels:
tag_126.127726
tag_127.124761
➡ Channels renamed:
tag_126.127726 = iWAT_chow_cre-_1
tag_127.124761 = iWAT_chow_cre-_2
tag_127.131081 = eWAT_chow_cre-_1
tag_128.128116 = eWAT_chow_cre-_2
tag_128.134436 = iWAT_chow_cre+_1
tag_129.131471 = iWAT_chow_cre+_2
tag_129.13779 = iWAT_chow_cre+_3
tag_130.134825 = eWAT_chow_cre+_1
tag_130.141145 = eWAT_chow_cre+_2
tag_131.13818 = eWAT_chow_cre+_3

Meta Data for File: processed_census-out_07302022_EV1-100A_10pl_M
➡ MD5: 515c407a731f880a650faf24438c07dc
10 - plex experiment
➡ Control channels:
tag_126.127726
tag_127.124761
➡ Channels renamed:
tag_126.127726 = iWAT_HF_cre-_1
tag_127.124761 = iWAT_HF_cre-_2
tag_127.131081 = iWAT_chow_cre-_1
tag_128.128116 = iWAT_chow_cre-_2
tag_128.134436 = iWAT_HF_cre+_1
tag_129.131471 = iWAT_HF_cre+_2
tag_129.13779 = iWAT_HF_cre+_3
tag_130.134825 = iWAT_chow_cre+_1
tag_130.141145 = iWAT_chow_cre+_2
tag_131.13818 = iWAT_chow_cre+_3

Meta Data for File: processed_census-out_08032022_EV1-100D_10pl_M
➡ MD5: b1baae7d3b6ea1aa8fbc5d571d2539eb
10 - plex experiment
➡ Control channels:
tag_126.127726
tag_127.124761
➡ Channels renamed:
tag_126.127726 = iWAT_HF_cre-_1
tag_127.124761 = iWAT_HF_cre-_2
tag_127.131081 = eWAT_HF_cre-_1
tag_128.128116 = eWAT_HF_cre-_2
tag_128.134436 = iWAT_HF_cre+_1
tag_129.131471 = iWAT_HF_cre+_2
tag_129.13779 = iWAT_HF_cre+_3
tag_130.134825 = eWAT_HF_cre+_1
tag_130.141145 = eWAT_HF_cre+_2
tag_131.13818 = eWAT_HF_cre+_3
➡ Method applied to average control channels: median
➡ Method applied to combine results per condition across different experiments: median


➡ Your output files are located in: /work_dir/input_folder/03_combined_files/combined_turbo_id
➡ The output file represents the combined results of one experimental design (all files in processed folder).
➡ Each channel was divided by the median of the control channels of the corresponding file and represents the relative protein ratio to the control channels.
➡ The last columns represent the median of all channels (including replicates) per condition ['iWAT_HF_cre-', 'iWAT_HF_cre+', 'iWAT_chow_cre-', 'iWAT_chow_cre+', 'eWAT_HF_cre-', 'eWAT_HF_cre+', 'eWAT_chow_cre-', 'eWAT_chow_cre+', 'ctrl_turbo(-)', 'LPS_turbo(-)', 'fast_turbo(-)', 'ctrl_turbo(+)', 'LPS_turbo(+)', 'fast_turbo(+)'] across all files.

The following columns were combined per condition:
Condition ( iWAT_HF_cre- ):
iWAT_HF_cre-_1_processed_census-out_07302022_EV1-100A_10pl_M
iWAT_HF_cre-_2_processed_census-out_07302022_EV1-100A_10pl_M
iWAT_HF_cre-_1_processed_census-out_08032022_EV1-100D_10pl_M
iWAT_HF_cre-_2_processed_census-out_08032022_EV1-100D_10pl_M
Condition ( iWAT_HF_cre+ ):
iWAT_HF_cre+_1_processed_census-out_07302022_EV1-100A_10pl_M
iWAT_HF_cre+_2_processed_census-out_07302022_EV1-100A_10pl_M
iWAT_HF_cre+_3_processed_census-out_07302022_EV1-100A_10pl_M
iWAT_HF_cre+_1_processed_census-out_08032022_EV1-100D_10pl_M
iWAT_HF_cre+_2_processed_census-out_08032022_EV1-100D_10pl_M
iWAT_HF_cre+_3_processed_census-out_08032022_EV1-100D_10pl_M
Condition ( iWAT_chow_cre- ):
iWAT_chow_cre-_1_processed_census-out_07252022_EV1-100C_10pl_M
iWAT_chow_cre-_2_processed_census-out_07252022_EV1-100C_10pl_M
iWAT_chow_cre-_1_processed_census-out_07302022_EV1-100A_10pl_M
iWAT_chow_cre-_2_processed_census-out_07302022_EV1-100A_10pl_M
Condition ( iWAT_chow_cre+ ):
iWAT_chow_cre+_1_processed_census-out_07252022_EV1-100C_10pl_M
iWAT_chow_cre+_2_processed_census-out_07252022_EV1-100C_10pl_M
iWAT_chow_cre+_3_processed_census-out_07252022_EV1-100C_10pl_M
iWAT_chow_cre+_1_processed_census-out_07302022_EV1-100A_10pl_M
iWAT_chow_cre+_2_processed_census-out_07302022_EV1-100A_10pl_M
iWAT_chow_cre+_3_processed_census-out_07302022_EV1-100A_10pl_M
Condition ( eWAT_HF_cre- ):
eWAT_HF_cre-_1_processed_census-out_07232022_EV1-100B_10pl_M
eWAT_HF_cre-_2_processed_census-out_07232022_EV1-100B_10pl_M
eWAT_HF_cre-_1_processed_census-out_08032022_EV1-100D_10pl_M
eWAT_HF_cre-_2_processed_census-out_08032022_EV1-100D_10pl_M
Condition ( eWAT_HF_cre+ ):
eWAT_HF_cre+_1_processed_census-out_07232022_EV1-100B_10pl_M
eWAT_HF_cre+_2_processed_census-out_07232022_EV1-100B_10pl_M
eWAT_HF_cre+_3_processed_census-out_07232022_EV1-100B_10pl_M
eWAT_HF_cre+_1_processed_census-out_08032022_EV1-100D_10pl_M
eWAT_HF_cre+_2_processed_census-out_08032022_EV1-100D_10pl_M
eWAT_HF_cre+_3_processed_census-out_08032022_EV1-100D_10pl_M
Condition ( eWAT_chow_cre- ):
eWAT_chow_cre-_1_processed_census-out_07232022_EV1-100B_10pl_M
eWAT_chow_cre-_2_processed_census-out_07232022_EV1-100B_10pl_M
eWAT_chow_cre-_1_processed_census-out_07252022_EV1-100C_10pl_M
eWAT_chow_cre-_2_processed_census-out_07252022_EV1-100C_10pl_M
Condition ( eWAT_chow_cre+ ):
eWAT_chow_cre+_1_processed_census-out_07232022_EV1-100B_10pl_M
eWAT_chow_cre+_2_processed_census-out_07232022_EV1-100B_10pl_M
eWAT_chow_cre+_3_processed_census-out_07232022_EV1-100B_10pl_M
eWAT_chow_cre+_1_processed_census-out_07252022_EV1-100C_10pl_M
eWAT_chow_cre+_2_processed_census-out_07252022_EV1-100C_10pl_M
eWAT_chow_cre+_3_processed_census-out_07252022_EV1-100C_10pl_M
Condition ( ctrl_turbo(-) ):
ctrl_turbo(-)_1_processed_census-out_07142022_EV1-98_16pl_M
ctrl_turbo(-)_2_processed_census-out_07142022_EV1-98_16pl_M
Condition ( LPS_turbo(-) ):
LPS_turbo(-)_1_processed_census-out_07142022_EV1-98_16pl_M
LPS_turbo(-)_2_processed_census-out_07142022_EV1-98_16pl_M
Condition ( fast_turbo(-) ):
fast_turbo(-)_1_processed_census-out_07142022_EV1-98_16pl_M
fast_turbo(-)_2_processed_census-out_07142022_EV1-98_16pl_M
Condition ( ctrl_turbo(+) ):
ctrl_turbo(+)_1_processed_census-out_07142022_EV1-98_16pl_M
ctrl_turbo(+)_2_processed_census-out_07142022_EV1-98_16pl_M
ctrl_turbo(+)_3_processed_census-out_07142022_EV1-98_16pl_M
Condition ( LPS_turbo(+) ):
LPS_turbo(+)_1_processed_census-out_07142022_EV1-98_16pl_M
LPS_turbo(+)_2_processed_census-out_07142022_EV1-98_16pl_M
LPS_turbo(+)_3_processed_census-out_07142022_EV1-98_16pl_M
Condition ( fast_turbo(+) ):
fast_turbo(+)_1_processed_census-out_07142022_EV1-98_16pl_M
fast_turbo(+)_2_processed_census-out_07142022_EV1-98_16pl_M
fast_turbo(+)_3_processed_census-out_07142022_EV1-98_16pl_M
fast_turbo(+)_4_processed_census-out_07142022_EV1-98_16pl_M

Not combined:
pepNum_processed_census-out_07142022_EV1-98_16pl_M
pepNum_processed_census-out_07232022_EV1-100B_10pl_M
pepNum_processed_census-out_07252022_EV1-100C_10pl_M
pepNum_processed_census-out_07302022_EV1-100A_10pl_M
pepNum_processed_census-out_08032022_EV1-100D_10pl_M

The following columns were combined per condition:
Condition ( iWAT_HF_cre- ):
iWAT_HF_cre-_1_processed_census-out_07302022_EV1-100A_10pl_M
iWAT_HF_cre-_2_processed_census-out_07302022_EV1-100A_10pl_M
iWAT_HF_cre-_1_processed_census-out_08032022_EV1-100D_10pl_M
iWAT_HF_cre-_2_processed_census-out_08032022_EV1-100D_10pl_M
Condition ( iWAT_HF_cre+ ):
iWAT_HF_cre+_1_processed_census-out_07302022_EV1-100A_10pl_M
iWAT_HF_cre+_2_processed_census-out_07302022_EV1-100A_10pl_M
iWAT_HF_cre+_3_processed_census-out_07302022_EV1-100A_10pl_M
iWAT_HF_cre+_1_processed_census-out_08032022_EV1-100D_10pl_M
iWAT_HF_cre+_2_processed_census-out_08032022_EV1-100D_10pl_M
iWAT_HF_cre+_3_processed_census-out_08032022_EV1-100D_10pl_M
Condition ( iWAT_chow_cre- ):
iWAT_chow_cre-_1_processed_census-out_07252022_EV1-100C_10pl_M
iWAT_chow_cre-_2_processed_census-out_07252022_EV1-100C_10pl_M
iWAT_chow_cre-_1_processed_census-out_07302022_EV1-100A_10pl_M
iWAT_chow_cre-_2_processed_census-out_07302022_EV1-100A_10pl_M
Condition ( iWAT_chow_cre+ ):
iWAT_chow_cre+_1_processed_census-out_07252022_EV1-100C_10pl_M
iWAT_chow_cre+_2_processed_census-out_07252022_EV1-100C_10pl_M
iWAT_chow_cre+_3_processed_census-out_07252022_EV1-100C_10pl_M
iWAT_chow_cre+_1_processed_census-out_07302022_EV1-100A_10pl_M
iWAT_chow_cre+_2_processed_census-out_07302022_EV1-100A_10pl_M
iWAT_chow_cre+_3_processed_census-out_07302022_EV1-100A_10pl_M
Condition ( eWAT_HF_cre- ):
eWAT_HF_cre-_1_processed_census-out_07232022_EV1-100B_10pl_M
eWAT_HF_cre-_2_processed_census-out_07232022_EV1-100B_10pl_M
eWAT_HF_cre-_1_processed_census-out_08032022_EV1-100D_10pl_M
eWAT_HF_cre-_2_processed_census-out_08032022_EV1-100D_10pl_M
Condition ( eWAT_HF_cre+ ):
eWAT_HF_cre+_1_processed_census-out_07232022_EV1-100B_10pl_M
eWAT_HF_cre+_2_processed_census-out_07232022_EV1-100B_10pl_M
eWAT_HF_cre+_3_processed_census-out_07232022_EV1-100B_10pl_M
eWAT_HF_cre+_1_processed_census-out_08032022_EV1-100D_10pl_M
eWAT_HF_cre+_2_processed_census-out_08032022_EV1-100D_10pl_M
eWAT_HF_cre+_3_processed_census-out_08032022_EV1-100D_10pl_M
Condition ( eWAT_chow_cre- ):
eWAT_chow_cre-_1_processed_census-out_07232022_EV1-100B_10pl_M
eWAT_chow_cre-_2_processed_census-out_07232022_EV1-100B_10pl_M
eWAT_chow_cre-_1_processed_census-out_07252022_EV1-100C_10pl_M
eWAT_chow_cre-_2_processed_census-out_07252022_EV1-100C_10pl_M
Condition ( eWAT_chow_cre+ ):
eWAT_chow_cre+_1_processed_census-out_07232022_EV1-100B_10pl_M
eWAT_chow_cre+_2_processed_census-out_07232022_EV1-100B_10pl_M
eWAT_chow_cre+_3_processed_census-out_07232022_EV1-100B_10pl_M
eWAT_chow_cre+_1_processed_census-out_07252022_EV1-100C_10pl_M
eWAT_chow_cre+_2_processed_census-out_07252022_EV1-100C_10pl_M
eWAT_chow_cre+_3_processed_census-out_07252022_EV1-100C_10pl_M
Condition ( ctrl_turbo(-) ):
ctrl_turbo(-)_1_processed_census-out_07142022_EV1-98_16pl_M
ctrl_turbo(-)_2_processed_census-out_07142022_EV1-98_16pl_M
Condition ( LPS_turbo(-) ):
LPS_turbo(-)_1_processed_census-out_07142022_EV1-98_16pl_M
LPS_turbo(-)_2_processed_census-out_07142022_EV1-98_16pl_M
Condition ( fast_turbo(-) ):
fast_turbo(-)_1_processed_census-out_07142022_EV1-98_16pl_M
fast_turbo(-)_2_processed_census-out_07142022_EV1-98_16pl_M
Condition ( ctrl_turbo(+) ):
ctrl_turbo(+)_1_processed_census-out_07142022_EV1-98_16pl_M
ctrl_turbo(+)_2_processed_census-out_07142022_EV1-98_16pl_M
ctrl_turbo(+)_3_processed_census-out_07142022_EV1-98_16pl_M
Condition ( LPS_turbo(+) ):
LPS_turbo(+)_1_processed_census-out_07142022_EV1-98_16pl_M
LPS_turbo(+)_2_processed_census-out_07142022_EV1-98_16pl_M
LPS_turbo(+)_3_processed_census-out_07142022_EV1-98_16pl_M
Condition ( fast_turbo(+) ):
fast_turbo(+)_1_processed_census-out_07142022_EV1-98_16pl_M
fast_turbo(+)_2_processed_census-out_07142022_EV1-98_16pl_M
fast_turbo(+)_3_processed_census-out_07142022_EV1-98_16pl_M
fast_turbo(+)_4_processed_census-out_07142022_EV1-98_16pl_M

Not combined:
pepNum_processed_census-out_07142022_EV1-98_16pl_M
pepNum_processed_census-out_07232022_EV1-100B_10pl_M
pepNum_processed_census-out_07252022_EV1-100C_10pl_M
pepNum_processed_census-out_07302022_EV1-100A_10pl_M
pepNum_processed_census-out_08032022_EV1-100D_10pl_M

Duration of processing: 0:00:44.349861

